<?xml version="1.0" encoding="UTF-8"?>
<!-- Generated by org.testng.reporters.JUnitReportReporter -->
<testsuite hostname="SaiBhaskar-PC" failures="0" tests="1" name="eCommerceProject.Test.Guru99eComTest5" time="6.616" errors="0" timestamp="2020-11-13T11:04:11 GMT" skipped="0">
  <testcase classname="eCommerceProject.Test.Guru99eComTest5" name="MobileMenu" time="6.616"/>
  <system-out/>
</testsuite> <!-- eCommerceProject.Test.Guru99eComTest5 -->
