<?xml version="1.0" encoding="UTF-8"?>
<!-- Generated by org.testng.reporters.JUnitReportReporter -->
<testsuite hostname="SaiBhaskar-PC" failures="0" tests="2" name="eCommerceProject.Test.Guru99eComTest1" time="13.143" errors="0" timestamp="2020-11-10T11:00:54 GMT" skipped="0">
  <testcase classname="eCommerceProject.Test.Guru99eComTest1" name="verifyTitleOfHomePage" time="0.087"/>
  <system-out/>
  <testcase classname="eCommerceProject.Test.Guru99eComTest1" name="navigateToMobileMenu" time="13.056"/>
  <system-out/>
</testsuite> <!-- eCommerceProject.Test.Guru99eComTest1 -->
