<?xml version="1.0" encoding="UTF-8"?>
<!-- Generated by org.testng.reporters.JUnitReportReporter -->
<testsuite hostname="SaiBhaskar-PC" failures="0" tests="1" name="eCommerceProject.Test.Guru99eComTest2" time="14.471" errors="0" timestamp="2020-11-10T14:53:56 GMT" skipped="0">
  <testcase classname="eCommerceProject.Test.Guru99eComTest2" name="MobileMenu" time="14.471"/>
  <system-out/>
</testsuite> <!-- eCommerceProject.Test.Guru99eComTest2 -->
