<?xml version="1.0" encoding="UTF-8"?>
<!-- Generated by org.testng.reporters.JUnitReportReporter -->
<testsuite hostname="SaiBhaskar-PC" failures="0" tests="1" name="eCommerceProject.Test.Guru99eComTest4" time="45.661" errors="0" timestamp="2020-11-13T10:31:47 GMT" skipped="0">
  <testcase classname="eCommerceProject.Test.Guru99eComTest4" name="MobileMenu" time="45.661"/>
  <system-out/>
</testsuite> <!-- eCommerceProject.Test.Guru99eComTest4 -->
