<?xml version="1.0" encoding="UTF-8"?>
<!-- Generated by org.testng.reporters.JUnitReportReporter -->
<testsuite hostname="SaiBhaskar-PC" failures="0" tests="1" name="eCommerceProject.Test.Guru99eComTest3" time="31.355" errors="0" timestamp="2020-11-12T10:54:07 GMT" skipped="0">
  <testcase classname="eCommerceProject.Test.Guru99eComTest3" name="MobileMenu" time="31.355"/>
  <system-out/>
</testsuite> <!-- eCommerceProject.Test.Guru99eComTest3 -->
